<?xml version="1.0" encoding="UTF-8"?>
<!-- Generated by org.testng.reporters.JUnitReportReporter -->
<testsuite hostname="DESKTOP-IG7J1V3" failures="0" tests="1" name="testNG.Program1" time="9.557" errors="0" timestamp="2021-12-04T21:14:33 EST" skipped="0">
  <testcase classname="testNG.Program1" name="signinLinkClik" time="9.557"/>
  <system-out/>
</testsuite> <!-- testNG.Program1 -->
