<?xml version="1.0" encoding="UTF-8"?>
<!-- Generated by org.testng.reporters.JUnitReportReporter -->
<testsuite hostname="DESKTOP-IG7J1V3" failures="0" tests="3" name="testNG.Dependent_TestCases" time="0.012" errors="0" timestamp="2021-12-04T20:22:01 EST" skipped="0">
  <testcase classname="testNG.Dependent_TestCases" name="logic" time="0.001"/>
  <system-out/>
  <testcase classname="testNG.Dependent_TestCases" name="logout" time="0.003"/>
  <system-out/>
  <testcase classname="testNG.Dependent_TestCases" name="login" time="0.008"/>
  <system-out/>
</testsuite> <!-- testNG.Dependent_TestCases -->
