<?xml version="1.0" encoding="UTF-8"?>
<!-- Generated by org.testng.reporters.JUnitReportReporter -->
<testsuite hostname="DESKTOP-IG7J1V3" failures="0" tests="1" name="testNG.New$testNG" time="0.011" errors="0" timestamp="2021-12-04T20:05:36 EST" skipped="0">
  <testcase classname="testNG.New$testNG" name="testcase" time="0.011"/>
  <system-out/>
</testsuite> <!-- testNG.New$testNG -->
