<?xml version="1.0" encoding="UTF-8"?>
<!-- Generated by org.testng.reporters.JUnitReportReporter -->
<testsuite hostname="DESKTOP-IG7J1V3" failures="0" tests="1" name="com.selenium.basic.First_TestNG" time="0.007" errors="0" timestamp="2021-12-03T22:00:35 EST" skipped="0">
  <testcase classname="com.selenium.basic.First_TestNG" name="testcase" time="0.007"/>
  <system-out/>
</testsuite> <!-- com.selenium.basic.First_TestNG -->
